<?xml version="1.0" encoding="UTF-8"?>
<testsuite name="com.furniture.ecommerce.service.ProductServiceTest" tests="7" skipped="0" failures="0" errors="0" timestamp="2025-06-23T06:04:45" hostname="mac" time="0.508">
  <properties/>
  <testcase name="deleteProduct_WithNonExistingId_ShouldThrowException()" classname="com.furniture.ecommerce.service.ProductServiceTest" time="0.494"/>
  <testcase name="updateStock_WithNegativeQuantity_ShouldThrowException()" classname="com.furniture.ecommerce.service.ProductServiceTest" time="0.002"/>
  <testcase name="updateStock_WithValidQuantity_ShouldUpdateStock()" classname="com.furniture.ecommerce.service.ProductServiceTest" time="0.004"/>
  <testcase name="createProduct_WithValidData_ShouldReturnProductResponse()" classname="com.furniture.ecommerce.service.ProductServiceTest" time="0.002"/>
  <testcase name="getProductById_WithNonExistingId_ShouldThrowException()" classname="com.furniture.ecommerce.service.ProductServiceTest" time="0.002"/>
  <testcase name="deleteProduct_WithExistingId_ShouldDelete()" classname="com.furniture.ecommerce.service.ProductServiceTest" time="0.001"/>
  <testcase name="getProductById_WithExistingId_ShouldReturnProduct()" classname="com.furniture.ecommerce.service.ProductServiceTest" time="0.001"/>
  <system-out><![CDATA[]]></system-out>
  <system-err><![CDATA[WARNING: A Java agent has been loaded dynamically (/Users/nate/.gradle/caches/modules-2/files-2.1/net.bytebuddy/byte-buddy-agent/1.14.10/90ed94ac044ea8953b224304c762316e91fd6b31/byte-buddy-agent-1.14.10.jar)
WARNING: If a serviceability tool is in use, please run with -XX:+EnableDynamicAgentLoading to hide this warning
WARNING: If a serviceability tool is not in use, please run with -Djdk.instrument.traceUsage for more information
WARNING: Dynamic loading of agents will be disallowed by default in a future release
]]></system-err>
</testsuite>
